<?xml version="1.0" encoding="UTF-8"?>
<!-- Generated by org.testng.reporters.JUnitXMLReporter -->
<testsuite hostname="DESKTOP-QJ973L4" ignored="1" name="Test" tests="3" failures="0" timestamp="2020-07-11T07:22:24 IST" time="0.103" errors="0">
  <testcase name="createaccount" time="0.016" classname="testng.DemoC"/>
  <testcase name="deleteaccount" time="0.0" classname="testng.DemoC"/>
  <testcase name="openaccount" time="0.002" classname="testng.DemoC"/>
  <testcase name="closeaccount" time="0.0" classname="testng.DemoC">
    <ignored/>
  </testcase> <!-- closeaccount -->
</testsuite> <!-- Test -->
